<?xml version="1.0" encoding="UTF-8"?>
<!-- Generated by org.testng.reporters.JUnitReportReporter -->
<testsuite hostname="charly-PC" name="com.dantelion.testng.examples.loadtest.TestMultipleThreads" tests="5" failures="0" timestamp="17 Sep 2015 16:23:29 GMT" time="230.472" errors="0">
  <testcase name="loadTest" time="42.843" classname="com.dantelion.testng.examples.loadtest.TestMultipleThreads"/>
  <testcase name="loadTest" time="65.919" classname="com.dantelion.testng.examples.loadtest.TestMultipleThreads"/>
  <testcase name="loadTest" time="48.275" classname="com.dantelion.testng.examples.loadtest.TestMultipleThreads"/>
  <testcase name="loadTest" time="49.935" classname="com.dantelion.testng.examples.loadtest.TestMultipleThreads"/>
  <testcase name="loadTest" time="23.500" classname="com.dantelion.testng.examples.loadtest.TestMultipleThreads"/>
</testsuite> <!-- com.dantelion.testng.examples.loadtest.TestMultipleThreads -->
