<?xml version="1.0" encoding="UTF-8"?>
<!-- Generated by org.testng.reporters.JUnitReportReporter -->
<testsuite hostname="charly-PC" name="com.dantelion.testng.examples.exception.TestCheckedException" tests="2" failures="0" timestamp="17 Sep 2015 16:23:29 GMT" time="0.000" errors="0">
  <testcase name="throwIfOrderIsNull" time="0.000" classname="com.dantelion.testng.examples.exception.TestCheckedException"/>
  <testcase name="throwIfOrderIsNotExists" time="0.000" classname="com.dantelion.testng.examples.exception.TestCheckedException"/>
</testsuite> <!-- com.dantelion.testng.examples.exception.TestCheckedException -->
