<?xml version="1.0" encoding="UTF-8"?>
<!-- Generated by org.testng.reporters.JUnitReportReporter -->
<testsuite hostname="charly-PC" name="com.dantelion.testng.examples.ignore.TestIgnore" tests="2" failures="0" timestamp="17 Sep 2015 16:23:29 GMT" time="0.000" errors="0">
  <testcase name="test1" time="0.000" classname="com.dantelion.testng.examples.ignore.TestIgnore"/>
  <testcase name="test2" time="0.000" classname="com.dantelion.testng.examples.ignore.TestIgnore"/>
</testsuite> <!-- com.dantelion.testng.examples.ignore.TestIgnore -->
